TN:
SF:/home/crow/dev/angular/muslib/src/polyfills.ts
FNF:0
FNH:0
LF:0
LH:0
BRF:0
BRH:0
end_of_record
TN:
SF:/home/crow/dev/angular/muslib/src/test.ts
FNF:0
FNH:0
DA:13,1
DA:18,1
DA:20,1
LF:3
LH:3
BRF:0
BRH:0
end_of_record
TN:
SF:/home/crow/dev/angular/muslib/src/app/animations.ts
FNF:0
FNH:0
DA:3,1
DA:24,1
LF:2
LH:2
BRF:0
BRH:0
end_of_record
TN:
SF:/home/crow/dev/angular/muslib/src/app/app.component.ts
FN:4,AppComponent
FNF:1
FNH:1
FNDA:2,AppComponent
DA:10,1
DA:11,2
DA:12,1
LF:3
LH:3
BRF:0
BRH:0
end_of_record
TN:
SF:/home/crow/dev/angular/muslib/src/app/artists-library/album-card/album-card.component.ts
FN:17,AlbumCardComponent
FN:20,(anonymous_2)
FN:23,(anonymous_3)
FNF:3
FNH:2
FNDA:1,AlbumCardComponent
FNDA:1,(anonymous_2)
FNDA:0,(anonymous_3)
DA:9,1
DA:12,1
DA:15,1
DA:20,1
DA:23,1
DA:24,0
DA:26,1
LF:7
LH:6
BRF:0
BRH:0
end_of_record
TN:
SF:/home/crow/dev/angular/muslib/src/app/artists-library/album-list/album-list.component.ts
FN:10,AlbumListComponent
FN:12,(anonymous_2)
FNF:2
FNH:2
FNDA:1,AlbumListComponent
FNDA:1,(anonymous_2)
DA:8,1
DA:12,1
DA:15,1
LF:3
LH:3
BRF:0
BRH:0
end_of_record
TN:
SF:/home/crow/dev/angular/muslib/src/app/artists-library/artist-card/artist-card.component.ts
FN:17,ArtistCardComponent
FN:20,(anonymous_2)
FN:23,(anonymous_3)
FNF:3
FNH:3
FNDA:16,ArtistCardComponent
FNDA:16,(anonymous_2)
FNDA:2,(anonymous_3)
DA:9,1
DA:12,1
DA:15,16
DA:20,1
DA:23,1
DA:24,2
DA:26,1
LF:7
LH:7
BRF:0
BRH:0
end_of_record
TN:
SF:/home/crow/dev/angular/muslib/src/app/artists-library/artist-details/artist-details.component.ts
FN:25,ArtistDetailsComponent
FN:32,(anonymous_2)
FN:36,(anonymous_3)
FN:38,(anonymous_4)
FN:43,(anonymous_5)
FN:51,(anonymous_6)
FN:52,(anonymous_7)
FN:59,(anonymous_8)
FN:64,(anonymous_9)
FN:67,(anonymous_10)
FN:71,(anonymous_11)
FN:76,(anonymous_12)
FN:78,(anonymous_13)
FNF:13
FNH:8
FNDA:5,ArtistDetailsComponent
FNDA:5,(anonymous_2)
FNDA:6,(anonymous_3)
FNDA:6,(anonymous_4)
FNDA:6,(anonymous_5)
FNDA:9,(anonymous_6)
FNDA:0,(anonymous_7)
FNDA:5,(anonymous_8)
FNDA:0,(anonymous_9)
FNDA:0,(anonymous_10)
FNDA:0,(anonymous_11)
FNDA:1,(anonymous_12)
FNDA:0,(anonymous_13)
DA:17,1
DA:19,5
DA:26,5
DA:27,5
DA:28,5
DA:29,5
DA:32,5
DA:33,5
DA:35,5
DA:36,6
DA:39,6
DA:42,5
DA:44,6
DA:50,5
DA:51,9
DA:53,0
DA:54,0
DA:59,1
DA:60,5
DA:61,5
DA:64,1
DA:65,0
DA:66,0
DA:69,0
DA:70,0
DA:71,0
DA:76,1
DA:77,1
DA:78,0
DA:80,1
LF:30
LH:22
BRF:0
BRH:0
end_of_record
TN:
SF:/home/crow/dev/angular/muslib/src/app/artists-library/artist-edit/artist-edit.component.ts
FN:20,ArtistEditComponent
FN:26,(anonymous_2)
FN:32,(anonymous_3)
FN:35,(anonymous_4)
FN:39,(anonymous_5)
FN:41,(anonymous_6)
FNF:6
FNH:0
FNDA:0,ArtistEditComponent
FNDA:0,(anonymous_2)
FNDA:0,(anonymous_3)
FNDA:0,(anonymous_4)
FNDA:0,(anonymous_5)
FNDA:0,(anonymous_6)
DA:15,1
DA:21,0
DA:22,0
DA:26,1
DA:27,0
DA:32,1
DA:33,0
DA:34,0
DA:35,0
DA:36,0
DA:39,1
DA:40,0
DA:41,0
DA:44,1
LF:14
LH:5
BRF:0
BRH:0
end_of_record
TN:
SF:/home/crow/dev/angular/muslib/src/app/artists-library/artists-library/artists-library.component.ts
FN:16,ArtistsLibraryComponent
FN:18,(anonymous_2)
FNF:2
FNH:2
FNDA:1,ArtistsLibraryComponent
FNDA:1,(anonymous_2)
DA:14,1
DA:18,1
DA:20,1
LF:3
LH:3
BRF:0
BRH:0
end_of_record
TN:
SF:/home/crow/dev/angular/muslib/src/app/artists-library/artists-lists/artists-list.component.ts
FN:17,ArtistsListComponent
FN:24,(anonymous_2)
FN:28,(anonymous_3)
FN:30,(anonymous_4)
FN:33,(anonymous_5)
FN:37,(anonymous_6)
FN:39,(anonymous_7)
FNF:7
FNH:5
FNDA:5,ArtistsListComponent
FNDA:5,(anonymous_2)
FNDA:1,(anonymous_3)
FNDA:0,(anonymous_4)
FNDA:13,(anonymous_5)
FNDA:1,(anonymous_6)
FNDA:0,(anonymous_7)
DA:13,1
DA:18,5
DA:19,5
DA:20,5
DA:24,1
DA:25,5
DA:28,1
DA:29,1
DA:30,0
DA:33,1
DA:34,13
DA:37,1
DA:38,1
DA:39,0
DA:41,1
LF:15
LH:13
BRF:0
BRH:0
end_of_record
TN:
SF:/home/crow/dev/angular/muslib/src/app/artists-library/new-album-dialog/new-album-dialog.component.ts
FN:26,NewAlbumDialogComponent
FN:30,(anonymous_2)
FN:40,(anonymous_3)
FNF:3
FNH:2
FNDA:1,NewAlbumDialogComponent
FNDA:1,(anonymous_2)
FNDA:0,(anonymous_3)
DA:21,1
DA:27,1
DA:30,1
DA:31,1
DA:40,1
DA:41,0
DA:42,0
DA:49,1
LF:8
LH:6
BRF:0
BRH:0
end_of_record
TN:
SF:/home/crow/dev/angular/muslib/src/app/artists-library/samples/iterators.ts
FN:1,range
FN:2,(anonymous_1)
FN:5,RangeIterator
FN:10,(anonymous_3)
FN:20,(anonymous_4)
FN:32,testGenerator
FN:44,testIterator
FNF:7
FNH:0
FNDA:0,range
FNDA:0,(anonymous_1)
FNDA:0,RangeIterator
FNDA:0,(anonymous_3)
FNDA:0,(anonymous_4)
FNDA:0,testGenerator
FNDA:0,testIterator
DA:2,0
DA:5,0
DA:6,0
DA:7,0
DA:10,0
DA:12,0
DA:14,0
DA:17,0
DA:21,0
DA:27,0
DA:28,0
DA:33,0
DA:34,0
DA:37,0
DA:38,0
DA:39,0
DA:40,0
DA:41,0
DA:45,0
DA:46,0
DA:47,0
DA:48,0
DA:51,0
DA:52,0
DA:55,0
LF:25
LH:0
BRF:0
BRH:0
end_of_record
TN:
SF:/home/crow/dev/angular/muslib/src/app/artists-library/services/albums.service.ts
FN:19,AlbumsService
FN:28,(anonymous_2)
FN:32,(anonymous_3)
FN:36,(anonymous_4)
FN:40,(anonymous_5)
FN:42,(anonymous_6)
FNF:6
FNH:0
FNDA:0,AlbumsService
FNDA:0,(anonymous_2)
FNDA:0,(anonymous_3)
FNDA:0,(anonymous_4)
FNDA:0,(anonymous_5)
FNDA:0,(anonymous_6)
DA:17,1
DA:28,1
DA:29,0
DA:32,1
DA:33,0
DA:36,1
DA:37,0
DA:40,1
DA:41,0
DA:42,0
DA:45,1
LF:11
LH:6
BRDA:25,0,0,0
BRDA:25,0,1,0
BRF:2
BRH:0
end_of_record
TN:
SF:/home/crow/dev/angular/muslib/src/app/artists-library/services/artists.service.ts
FN:22,ArtistsService
FN:32,(anonymous_2)
FN:35,(anonymous_3)
FN:44,(anonymous_4)
FN:48,(anonymous_5)
FN:52,(anonymous_6)
FN:55,(anonymous_7)
FN:56,(anonymous_8)
FN:66,(anonymous_9)
FNF:9
FNH:0
FNDA:0,ArtistsService
FNDA:0,(anonymous_2)
FNDA:0,(anonymous_3)
FNDA:0,(anonymous_4)
FNDA:0,(anonymous_5)
FNDA:0,(anonymous_6)
FNDA:0,(anonymous_7)
FNDA:0,(anonymous_8)
FNDA:0,(anonymous_9)
DA:18,1
DA:22,0
DA:28,0
DA:29,0
DA:32,1
DA:33,0
DA:35,0
DA:41,0
DA:44,1
DA:45,0
DA:48,1
DA:49,0
DA:52,1
DA:53,0
DA:56,0
DA:58,0
DA:60,0
DA:66,1
DA:67,1
LF:19
LH:7
BRDA:29,0,0,0
BRDA:29,0,1,0
BRF:2
BRH:0
end_of_record
TN:
SF:/home/crow/dev/angular/muslib/src/app/artists-library/services/base-library.service.ts
FN:9,(anonymous_0)
FN:10,BaseService
FN:18,(anonymous_2)
FN:22,(anonymous_3)
FN:31,(anonymous_4)
FN:33,(anonymous_5)
FN:36,(anonymous_6)
FN:40,(anonymous_7)
FN:45,(anonymous_8)
FN:47,(anonymous_9)
FN:51,(anonymous_10)
FN:54,(anonymous_11)
FN:57,(anonymous_12)
FN:57,(anonymous_13)
FN:68,(anonymous_14)
FN:71,(anonymous_15)
FN:74,(anonymous_16)
FN:78,(anonymous_17)
FN:81,(anonymous_18)
FNF:19
FNH:1
FNDA:1,(anonymous_0)
FNDA:0,BaseService
FNDA:0,(anonymous_2)
FNDA:0,(anonymous_3)
FNDA:0,(anonymous_4)
FNDA:0,(anonymous_5)
FNDA:0,(anonymous_6)
FNDA:0,(anonymous_7)
FNDA:0,(anonymous_8)
FNDA:0,(anonymous_9)
FNDA:0,(anonymous_10)
FNDA:0,(anonymous_11)
FNDA:0,(anonymous_12)
FNDA:0,(anonymous_13)
FNDA:0,(anonymous_14)
FNDA:0,(anonymous_15)
FNDA:0,(anonymous_16)
FNDA:0,(anonymous_17)
FNDA:0,(anonymous_18)
DA:9,1
DA:11,0
DA:12,0
DA:13,0
DA:14,0
DA:18,1
DA:19,0
DA:22,1
DA:23,0
DA:25,0
DA:27,0
DA:31,1
DA:32,0
DA:34,0
DA:35,0
DA:37,0
DA:40,0
DA:45,1
DA:46,0
DA:48,0
DA:51,1
DA:52,0
DA:53,0
DA:55,0
DA:57,0
DA:58,0
DA:59,0
DA:60,0
DA:61,0
DA:68,1
DA:70,0
DA:71,0
DA:72,0
DA:74,0
DA:78,1
DA:81,0
DA:84,0
DA:85,0
DA:86,0
DA:87,0
DA:89,0
DA:93,1
LF:42
LH:9
BRF:0
BRH:0
end_of_record
TN:
SF:/home/crow/dev/angular/muslib/src/app/artists-library/services/constants.ts
FN:1,(anonymous_0)
FNF:1
FNH:1
FNDA:1,(anonymous_0)
DA:1,1
DA:2,1
DA:3,1
LF:3
LH:3
BRDA:1,0,0,1
BRDA:1,0,1,1
BRF:2
BRH:2
end_of_record
TN:
SF:/home/crow/dev/angular/muslib/src/app/auth/auth.service.ts
FN:14,AuthService
FN:19,(anonymous_2)
FN:23,(anonymous_3)
FN:24,(anonymous_4)
FN:33,(anonymous_5)
FN:34,(anonymous_6)
FN:35,(anonymous_7)
FN:39,(anonymous_8)
FN:43,(anonymous_9)
FN:45,(anonymous_10)
FN:51,(anonymous_11)
FNF:11
FNH:0
FNDA:0,AuthService
FNDA:0,(anonymous_2)
FNDA:0,(anonymous_3)
FNDA:0,(anonymous_4)
FNDA:0,(anonymous_5)
FNDA:0,(anonymous_6)
FNDA:0,(anonymous_7)
FNDA:0,(anonymous_8)
FNDA:0,(anonymous_9)
FNDA:0,(anonymous_10)
FNDA:0,(anonymous_11)
DA:9,1
DA:14,0
DA:15,0
DA:17,0
DA:18,0
DA:19,0
DA:22,0
DA:23,0
DA:26,0
DA:27,0
DA:29,0
DA:33,0
DA:34,0
DA:35,0
DA:40,0
DA:43,1
DA:44,0
DA:46,0
DA:47,0
DA:51,1
DA:52,0
DA:54,1
LF:22
LH:4
BRDA:23,0,0,0
BRDA:23,0,1,0
BRDA:23,0,2,0
BRDA:23,0,3,0
BRF:4
BRH:0
end_of_record
TN:
SF:/home/crow/dev/angular/muslib/src/app/auth/user.ts
FN:1,(anonymous_0)
FN:2,User
FNF:2
FNH:2
FNDA:1,(anonymous_0)
FNDA:6,User
DA:1,1
DA:3,6
DA:4,6
DA:7,1
LF:4
LH:4
BRF:0
BRH:0
end_of_record
TN:
SF:/home/crow/dev/angular/muslib/src/app/auth/login-component/login.component.ts
FN:12,LoginComponent
FN:17,(anonymous_2)
FN:20,(anonymous_3)
FN:22,(anonymous_4)
FN:23,(anonymous_5)
FNF:5
FNH:4
FNDA:2,LoginComponent
FNDA:2,(anonymous_2)
FNDA:1,(anonymous_3)
FNDA:1,(anonymous_4)
FNDA:0,(anonymous_5)
DA:10,1
DA:13,2
DA:14,2
DA:17,1
DA:20,1
DA:21,1
DA:22,1
DA:24,0
DA:27,1
LF:9
LH:8
BRF:0
BRH:0
end_of_record
TN:
SF:/home/crow/dev/angular/muslib/src/app/auth/profile/profile.component.ts
FN:17,ProfileComponent
FN:24,(anonymous_2)
FN:27,(anonymous_3)
FN:29,(anonymous_4)
FN:30,(anonymous_5)
FNF:5
FNH:4
FNDA:5,ProfileComponent
FNDA:5,(anonymous_2)
FNDA:1,(anonymous_3)
FNDA:1,(anonymous_4)
FNDA:0,(anonymous_5)
DA:12,1
DA:18,5
DA:19,5
DA:21,5
DA:24,1
DA:27,1
DA:28,1
DA:29,1
DA:30,0
DA:32,1
LF:10
LH:9
BRF:0
BRH:0
end_of_record
TN:
SF:/home/crow/dev/angular/muslib/src/app/auth/profile-button/profile-button.component.ts
FN:15,ProfileButtonComponent
FN:21,(anonymous_2)
FNF:2
FNH:2
FNDA:3,ProfileButtonComponent
FNDA:3,(anonymous_2)
DA:11,1
DA:16,3
DA:18,3
DA:21,1
DA:24,1
LF:5
LH:5
BRF:0
BRH:0
end_of_record
TN:
SF:/home/crow/dev/angular/muslib/src/app/models/album.ts
FN:4,(anonymous_0)
FN:8,Album
FNF:2
FNH:2
FNDA:1,(anonymous_0)
FNDA:4,Album
DA:4,1
DA:9,4
DA:10,4
DA:11,4
DA:13,4
DA:15,4
DA:20,1
LF:7
LH:7
BRF:0
BRH:0
end_of_record
TN:
SF:/home/crow/dev/angular/muslib/src/app/models/artist.ts
FN:4,(anonymous_0)
FN:8,Artist
FNF:2
FNH:2
FNDA:1,(anonymous_0)
FNDA:6,Artist
DA:4,1
DA:9,6
DA:10,6
DA:13,6
DA:18,1
LF:5
LH:5
BRF:0
BRH:0
end_of_record
TN:
SF:/home/crow/dev/angular/muslib/src/app/nav-bar/app-nav-bar.component.ts
FN:14,AppNavBarComponent
FN:18,(anonymous_2)
FNF:2
FNH:2
FNDA:4,AppNavBarComponent
FNDA:4,(anonymous_2)
DA:12,1
DA:15,4
DA:18,1
DA:21,1
LF:4
LH:4
BRF:0
BRH:0
end_of_record
TN:
SF:/home/crow/dev/angular/muslib/src/app/page-not-found/page-not-found.component.ts
FN:10,PageNotFoundComponent
FN:12,(anonymous_2)
FNF:2
FNH:2
FNDA:1,PageNotFoundComponent
FNDA:1,(anonymous_2)
DA:8,1
DA:12,1
DA:15,1
LF:3
LH:3
BRF:0
BRH:0
end_of_record
TN:
SF:/home/crow/dev/angular/muslib/src/app/services/status.service.ts
FN:4,StatusService
FN:12,(anonymous_2)
FN:20,(anonymous_3)
FNF:3
FNH:3
FNDA:4,StatusService
FNDA:1,(anonymous_2)
FNDA:1,(anonymous_3)
DA:5,1
DA:7,4
DA:8,4
DA:9,4
DA:12,1
DA:13,1
DA:14,1
DA:16,1
DA:20,1
DA:21,1
DA:22,1
DA:24,1
DA:27,1
LF:13
LH:13
BRF:0
BRH:0
end_of_record
TN:
SF:/home/crow/dev/angular/muslib/src/app/shared/context-menu-trigger.ts
FN:47,MAT_MENU_SCROLL_STRATEGY_FACTORY
FN:48,(anonymous_1)
FN:159,AppCtxMatMenuDirective
FN:97,(anonymous_4)
FN:105,(anonymous_5)
FN:109,(anonymous_6)
FN:118,(anonymous_7)
FN:178,(anonymous_8)
FN:183,(anonymous_9)
FN:197,(anonymous_10)
FN:204,(anonymous_11)
FN:209,(anonymous_12)
FN:214,(anonymous_13)
FN:219,(anonymous_14)
FN:224,(anonymous_15)
FN:245,(anonymous_16)
FN:254,(anonymous_17)
FN:262,(anonymous_18)
FN:271,(anonymous_19)
FN:288,(anonymous_20)
FN:293,(anonymous_21)
FN:293,(anonymous_22)
FN:313,(anonymous_23)
FN:322,(anonymous_24)
FN:340,(anonymous_25)
FN:358,(anonymous_26)
FN:371,(anonymous_27)
FN:386,(anonymous_28)
FN:403,(anonymous_29)
FN:414,(anonymous_30)
FN:428,(anonymous_31)
FN:430,(anonymous_32)
FN:445,(anonymous_33)
FN:491,(anonymous_34)
FN:497,(anonymous_35)
FN:502,(anonymous_36)
FN:503,(anonymous_37)
FN:510,(anonymous_38)
FN:526,(anonymous_39)
FN:537,(anonymous_40)
FN:551,(anonymous_41)
FN:562,(anonymous_42)
FN:565,(anonymous_43)
FN:576,(anonymous_44)
FN:584,(anonymous_45)
FNF:45
FNH:29
FNDA:0,MAT_MENU_SCROLL_STRATEGY_FACTORY
FNDA:0,(anonymous_1)
FNDA:16,AppCtxMatMenuDirective
FNDA:0,(anonymous_4)
FNDA:35,(anonymous_5)
FNDA:16,(anonymous_6)
FNDA:1,(anonymous_7)
FNDA:16,(anonymous_8)
FNDA:16,(anonymous_9)
FNDA:1,(anonymous_10)
FNDA:35,(anonymous_11)
FNDA:1,(anonymous_12)
FNDA:21,(anonymous_13)
FNDA:1,(anonymous_14)
FNDA:1,(anonymous_15)
FNDA:0,(anonymous_16)
FNDA:0,(anonymous_17)
FNDA:1,(anonymous_18)
FNDA:1,(anonymous_19)
FNDA:0,(anonymous_20)
FNDA:0,(anonymous_21)
FNDA:0,(anonymous_22)
FNDA:1,(anonymous_23)
FNDA:1,(anonymous_24)
FNDA:1,(anonymous_25)
FNDA:2,(anonymous_26)
FNDA:17,(anonymous_27)
FNDA:1,(anonymous_28)
FNDA:1,(anonymous_29)
FNDA:1,(anonymous_30)
FNDA:1,(anonymous_31)
FNDA:1,(anonymous_32)
FNDA:1,(anonymous_33)
FNDA:16,(anonymous_34)
FNDA:1,(anonymous_35)
FNDA:0,(anonymous_36)
FNDA:0,(anonymous_37)
FNDA:0,(anonymous_38)
FNDA:0,(anonymous_39)
FNDA:0,(anonymous_40)
FNDA:16,(anonymous_41)
FNDA:0,(anonymous_42)
FNDA:0,(anonymous_43)
FNDA:0,(anonymous_44)
FNDA:1,(anonymous_45)
DA:44,1
DA:48,0
DA:59,1
DA:62,1
DA:84,1
DA:86,16
DA:87,16
DA:88,16
DA:89,16
DA:90,16
DA:97,16
DA:101,16
DA:105,1
DA:106,35
DA:109,16
DA:111,0
DA:114,16
DA:115,16
DA:118,16
DA:119,1
DA:123,0
DA:132,1
DA:135,1
DA:138,16
DA:146,16
DA:149,16
DA:157,16
DA:159,16
DA:160,16
DA:161,16
DA:163,16
DA:164,16
DA:165,16
DA:166,16
DA:168,16
DA:172,0
DA:175,16
DA:178,1
DA:179,16
DA:180,16
DA:183,1
DA:185,1
DA:186,1
DA:189,16
DA:192,16
DA:193,16
DA:197,2
DA:198,1
DA:199,1
DA:200,1
DA:205,35
DA:210,1
DA:214,1
DA:215,21
DA:219,1
DA:220,1
DA:224,1
DA:226,0
DA:229,1
DA:231,1
DA:232,1
DA:234,1
DA:235,1
DA:237,1
DA:240,0
DA:241,0
DA:242,0
DA:245,1
DA:246,1
DA:249,1
DA:254,1
DA:255,0
DA:262,2
DA:264,1
DA:266,0
DA:271,1
DA:273,0
DA:276,1
DA:278,1
DA:279,1
DA:282,1
DA:286,0
DA:288,0
DA:293,0
DA:295,0
DA:298,1
DA:301,0
DA:304,0
DA:313,1
DA:314,1
DA:315,1
DA:316,1
DA:317,1
DA:318,1
DA:322,1
DA:324,1
DA:325,1
DA:328,0
DA:329,0
DA:332,1
DA:340,1
DA:341,1
DA:349,1
DA:351,0
DA:354,1
DA:358,1
DA:359,2
DA:360,2
DA:363,0
DA:371,1
DA:374,0
DA:386,1
DA:388,1
DA:389,1
DA:390,1
DA:395,1
DA:400,1
DA:403,1
DA:404,1
DA:414,1
DA:415,1
DA:428,1
DA:430,1
DA:431,1
DA:432,1
DA:434,1
DA:445,1
DA:446,1
DA:449,1
DA:452,1
DA:453,1
DA:454,1
DA:459,0
DA:460,0
DA:461,0
DA:463,1
DA:464,1
DA:468,1
DA:470,1
DA:491,1
DA:492,16
DA:493,16
DA:497,1
DA:498,1
DA:499,1
DA:500,1
DA:501,1
DA:502,0
DA:503,0
DA:506,1
DA:510,1
DA:514,0
DA:520,0
DA:526,1
DA:527,0
DA:532,0
DA:537,1
DA:538,0
DA:539,0
DA:543,0
DA:544,0
DA:546,0
DA:551,16
DA:554,16
DA:557,0
DA:562,0
DA:566,0
DA:574,0
DA:576,0
DA:578,0
DA:584,1
DA:589,1
DA:592,1
DA:595,1
LF:174
LH:132
BRDA:122,0,0,1
BRDA:122,0,1,0
BRDA:122,0,2,1
BRDA:210,1,0,0
BRDA:210,1,1,1
BRDA:210,2,0,1
BRDA:210,2,1,1
BRDA:215,3,0,21
BRDA:215,3,1,0
BRDA:220,4,0,0
BRDA:220,4,1,1
BRDA:235,5,0,1
BRDA:235,5,1,0
BRDA:262,6,0,1
BRDA:262,6,1,0
BRDA:272,7,0,1
BRDA:272,7,1,1
BRDA:314,8,0,0
BRDA:314,8,1,1
BRDA:318,9,0,1
BRDA:318,9,1,1
BRDA:360,10,0,1
BRDA:360,10,1,1
BRDA:405,11,0,1
BRDA:405,11,1,0
BRDA:417,12,0,1
BRDA:417,12,1,0
BRDA:431,13,0,1
BRDA:431,13,1,0
BRDA:432,14,0,1
BRDA:432,14,1,0
BRDA:446,15,0,0
BRDA:446,15,1,1
BRDA:449,16,0,0
BRDA:449,16,1,1
BRDA:459,17,0,0
BRDA:459,17,1,0
BRDA:460,18,0,0
BRDA:460,18,1,0
BRDA:461,19,0,0
BRDA:461,19,1,0
BRDA:463,20,0,1
BRDA:463,20,1,0
BRDA:464,21,0,0
BRDA:464,21,1,1
BRDA:500,22,0,0
BRDA:500,22,1,1
BRDA:501,23,0,0
BRDA:501,23,1,1
BRDA:514,24,0,0
BRDA:514,24,1,0
BRDA:529,25,0,0
BRDA:529,25,1,0
BRDA:529,25,2,0
BRDA:529,25,3,0
BRDA:529,25,4,0
BRDA:538,26,0,0
BRDA:538,26,1,0
BRDA:562,27,0,0
BRDA:562,27,1,0
BRDA:571,28,0,0
BRDA:571,28,1,0
BRDA:588,29,0,1
BRDA:588,29,1,0
BRF:64
BRH:27
end_of_record
TN:
SF:/home/crow/dev/angular/muslib/src/app/shared/shared.module.ts
FN:19,SharedModule
FNF:1
FNH:1
FNDA:11,SharedModule
DA:19,1
LF:1
LH:1
BRF:0
BRH:0
end_of_record
TN:
SF:/home/crow/dev/angular/muslib/src/app/shared/image-selector/image-selector.component.ts
FN:3,isInputElement
FN:23,ImageSelectorComponent
FN:25,(anonymous_3)
FN:28,(anonymous_4)
FN:35,(anonymous_5)
FNF:5
FNH:2
FNDA:0,isInputElement
FNDA:1,ImageSelectorComponent
FNDA:1,(anonymous_3)
FNDA:0,(anonymous_4)
FNDA:0,(anonymous_5)
DA:4,0
DA:12,1
DA:15,1
DA:18,1
DA:21,1
DA:25,1
DA:28,1
DA:30,0
DA:33,0
DA:34,0
DA:35,0
DA:36,0
DA:37,0
DA:39,1
LF:14
LH:7
BRDA:29,0,0,0
BRDA:29,0,1,0
BRF:2
BRH:0
end_of_record
TN:
SF:/home/crow/dev/angular/muslib/src/app/testing/activated-route-stub.ts
FN:4,(anonymous_0)
FN:8,ActivatedRouteStub
FN:12,(anonymous_2)
FNF:3
FNH:3
FNDA:1,(anonymous_0)
FNDA:2,ActivatedRouteStub
FNDA:3,(anonymous_2)
DA:4,1
DA:5,2
DA:6,2
DA:9,2
DA:12,1
DA:13,3
DA:15,1
LF:7
LH:7
BRF:0
BRH:0
end_of_record
TN:
SF:/home/crow/dev/angular/muslib/src/app/testing/router-link-stub.directive.ts
FN:8,RouterLinkStubDirective
FN:16,(anonymous_2)
FNF:2
FNH:2
FNDA:4,RouterLinkStubDirective
FNDA:1,(anonymous_2)
DA:8,1
DA:11,1
DA:16,2
DA:17,1
DA:19,1
LF:5
LH:5
BRF:0
BRH:0
end_of_record
